# JRE version: Java(TM) SE Runtime Environment (8.0_45-b14) (build 1.8.0_45-b14)
# Java VM: Java HotSpot(TM) 64-Bit Server VM (25.45-b02 mixed mode windows-amd64 compressed oops)
Heap:
 PSYoungGen      total 235008K, used 137697K [0x00000000eab00000, 0x00000000fd280000, 0x0000000100000000)
  eden space 210944K, 60% used [0x00000000eab00000,0x00000000f26d0538,0x00000000f7900000)
  from space 24064K, 45% used [0x00000000f7900000,0x00000000f83a8200,0x00000000f9080000)
  to   space 23040K, 0% used [0x00000000fbc00000,0x00000000fbc00000,0x00000000fd280000)
 ParOldGen       total 103936K, used 42226K [0x00000000c0000000, 0x00000000c6580000, 0x00000000eab00000)
  object space 103936K, 40% used [0x00000000c0000000,0x00000000c293cbe8,0x00000000c6580000)
 Metaspace       used 59166K, capacity 61472K, committed 61568K, reserved 1101824K
  class space    used 7967K, capacity 8487K, committed 8576K, reserved 1048576K
GC Heap History (10 events):
Event: 8.357 GC heap before
{Heap before GC invocations=10 (full 2):
 PSYoungGen      total 156672K, used 155085K [0x00000000eab00000, 0x00000000f9580000, 0x0000000100000000)
  eden space 143360K, 100% used [0x00000000eab00000,0x00000000f3700000,0x00000000f3700000)
  from space 13312K, 88% used [0x00000000f3700000,0x00000000f4273620,0x00000000f4400000)
  to   space 14336K, 0% used [0x00000000f8780000,0x00000000f8780000,0x00000000f9580000)
 ParOldGen       total 103936K, used 18835K [0x00000000c0000000, 0x00000000c6580000, 0x00000000eab00000)
  object space 103936K, 18% used [0x00000000c0000000,0x00000000c1264f28,0x00000000c6580000)
 Metaspace       used 48693K, capacity 50066K, committed 50304K, reserved 1093632K
  class space    used 6664K, capacity 6975K, committed 7040K, reserved 1048576K
Event: 8.419 GC heap after
Heap after GC invocations=10 (full 2):
 PSYoungGen      total 221696K, used 14306K [0x00000000eab00000, 0x00000000f9c00000, 0x0000000100000000)
  eden space 207360K, 0% used [0x00000000eab00000,0x00000000eab00000,0x00000000f7580000)
  from space 14336K, 99% used [0x00000000f8780000,0x00000000f9578ae8,0x00000000f9580000)
  to   space 18432K, 0% used [0x00000000f7580000,0x00000000f7580000,0x00000000f8780000)
 ParOldGen       total 103936K, used 24139K [0x00000000c0000000, 0x00000000c6580000, 0x00000000eab00000)
  object space 103936K, 23% used [0x00000000c0000000,0x00000000c1792ff8,0x00000000c6580000)
 Metaspace       used 48693K, capacity 50066K, committed 50304K, reserved 1093632K
  class space    used 6664K, capacity 6975K, committed 7040K, reserved 1048576K
}
Event: 9.414 GC heap before
{Heap before GC invocations=11 (full 2):
 PSYoungGen      total 221696K, used 133435K [0x00000000eab00000, 0x00000000f9c00000, 0x0000000100000000)
  eden space 207360K, 57% used [0x00000000eab00000,0x00000000f1f56308,0x00000000f7580000)
  from space 14336K, 99% used [0x00000000f8780000,0x00000000f9578ae8,0x00000000f9580000)
  to   space 18432K, 0% used [0x00000000f7580000,0x00000000f7580000,0x00000000f8780000)
 ParOldGen       total 103936K, used 24139K [0x00000000c0000000, 0x00000000c6580000, 0x00000000eab00000)
  object space 103936K, 23% used [0x00000000c0000000,0x00000000c1792ff8,0x00000000c6580000)
 Metaspace       used 51977K, capacity 53974K, committed 54144K, reserved 1095680K
  class space    used 7259K, capacity 7745K, committed 7808K, reserved 1048576K
Event: 9.490 GC heap after
Heap after GC invocations=11 (full 2):
 PSYoungGen      total 225792K, used 18422K [0x00000000eab00000, 0x00000000fa900000, 0x0000000100000000)
  eden space 207360K, 0% used [0x00000000eab00000,0x00000000eab00000,0x00000000f7580000)
  from space 18432K, 99% used [0x00000000f7580000,0x00000000f877d960,0x00000000f8780000)
  to   space 25088K, 0% used [0x00000000f9080000,0x00000000f9080000,0x00000000fa900000)
 ParOldGen       total 103936K, used 34064K [0x00000000c0000000, 0x00000000c6580000, 0x00000000eab00000)
  object space 103936K, 32% used [0x00000000c0000000,0x00000000c2144050,0x00000000c6580000)
 Metaspace       used 51977K, capacity 53974K, committed 54144K, reserved 1095680K
  class space    used 7259K, capacity 7745K, committed 7808K, reserved 1048576K
}
Event: 9.490 GC heap before
{Heap before GC invocations=12 (full 3):
 PSYoungGen      total 225792K, used 18422K [0x00000000eab00000, 0x00000000fa900000, 0x0000000100000000)
  eden space 207360K, 0% used [0x00000000eab00000,0x00000000eab00000,0x00000000f7580000)
  from space 18432K, 99% used [0x00000000f7580000,0x00000000f877d960,0x00000000f8780000)
  to   space 25088K, 0% used [0x00000000f9080000,0x00000000f9080000,0x00000000fa900000)
 ParOldGen       total 103936K, used 34064K [0x00000000c0000000, 0x00000000c6580000, 0x00000000eab00000)
  object space 103936K, 32% used [0x00000000c0000000,0x00000000c2144050,0x00000000c6580000)
 Metaspace       used 51977K, capacity 53974K, committed 54144K, reserved 1095680K
  class space    used 7259K, capacity 7745K, committed 7808K, reserved 1048576K
Event: 9.866 GC heap after
Heap after GC invocations=12 (full 3):
 PSYoungGen      total 225792K, used 0K [0x00000000eab00000, 0x00000000fa900000, 0x0000000100000000)
  eden space 207360K, 0% used [0x00000000eab00000,0x00000000eab00000,0x00000000f7580000)
  from space 18432K, 0% used [0x00000000f7580000,0x00000000f7580000,0x00000000f8780000)
  to   space 25088K, 0% used [0x00000000f9080000,0x00000000f9080000,0x00000000fa900000)
 ParOldGen       total 103936K, used 42210K [0x00000000c0000000, 0x00000000c6580000, 0x00000000eab00000)
  object space 103936K, 40% used [0x00000000c0000000,0x00000000c2938be8,0x00000000c6580000)
 Metaspace       used 51977K, capacity 53974K, committed 54144K, reserved 1095680K
  class space    used 7259K, capacity 7745K, committed 7808K, reserved 1048576K
}
Event: 13.221 GC heap before
{Heap before GC invocations=13 (full 3):
 PSYoungGen      total 225792K, used 207360K [0x00000000eab00000, 0x00000000fa900000, 0x0000000100000000)
  eden space 207360K, 100% used [0x00000000eab00000,0x00000000f7580000,0x00000000f7580000)
  from space 18432K, 0% used [0x00000000f7580000,0x00000000f7580000,0x00000000f8780000)
  to   space 25088K, 0% used [0x00000000f9080000,0x00000000f9080000,0x00000000fa900000)
 ParOldGen       total 103936K, used 42210K [0x00000000c0000000, 0x00000000c6580000, 0x00000000eab00000)
  object space 103936K, 40% used [0x00000000c0000000,0x00000000c2938be8,0x00000000c6580000)
 Metaspace       used 55662K, capacity 57808K, committed 58112K, reserved 1099776K
  class space    used 7674K, capacity 8150K, committed 8192K, reserved 1048576K
Event: 13.293 GC heap after
Heap after GC invocations=13 (full 3):
 PSYoungGen      total 236032K, used 8870K [0x00000000eab00000, 0x00000000fd880000, 0x0000000100000000)
  eden space 210944K, 0% used [0x00000000eab00000,0x00000000eab00000,0x00000000f7900000)
  from space 25088K, 35% used [0x00000000f9080000,0x00000000f9929988,0x00000000fa900000)
  to   space 24064K, 0% used [0x00000000f7900000,0x00000000f7900000,0x00000000f9080000)
 ParOldGen       total 103936K, used 42218K [0x00000000c0000000, 0x00000000c6580000, 0x00000000eab00000)
  object space 103936K, 40% used [0x00000000c0000000,0x00000000c293abe8,0x00000000c6580000)
 Metaspace       used 55662K, capacity 57808K, committed 58112K, reserved 1099776K
  class space    used 7674K, capacity 8150K, committed 8192K, reserved 1048576K
}
Event: 75.436 GC heap before
{Heap before GC invocations=14 (full 3):
 PSYoungGen      total 236032K, used 219814K [0x00000000eab00000, 0x00000000fd880000, 0x0000000100000000)
  eden space 210944K, 100% used [0x00000000eab00000,0x00000000f7900000,0x00000000f7900000)
  from space 25088K, 35% used [0x00000000f9080000,0x00000000f9929988,0x00000000fa900000)
  to   space 24064K, 0% used [0x00000000f7900000,0x00000000f7900000,0x00000000f9080000)
 ParOldGen       total 103936K, used 42218K [0x00000000c0000000, 0x00000000c6580000, 0x00000000eab00000)
  object space 103936K, 40% used [0x00000000c0000000,0x00000000c293abe8,0x00000000c6580000)
 Metaspace       used 58529K, capacity 60880K, committed 61056K, reserved 1101824K
  class space    used 7936K, capacity 8475K, committed 8576K, reserved 1048576K
Event: 75.445 GC heap after
Heap after GC invocations=14 (full 3):
 PSYoungGen      total 235008K, used 10912K [0x00000000eab00000, 0x00000000fd280000, 0x0000000100000000)
  eden space 210944K, 0% used [0x00000000eab00000,0x00000000eab00000,0x00000000f7900000)
  from space 24064K, 45% used [0x00000000f7900000,0x00000000f83a8200,0x00000000f9080000)
  to   space 23040K, 0% used [0x00000000fbc00000,0x00000000fbc00000,0x00000000fd280000)
 ParOldGen       total 103936K, used 42226K [0x00000000c0000000, 0x00000000c6580000, 0x00000000eab00000)
  object space 103936K, 40% used [0x00000000c0000000,0x00000000c293cbe8,0x00000000c6580000)
 Metaspace       used 58529K, capacity 60880K, committed 61056K, reserved 1101824K
  class space    used 7936K, capacity 8475K, committed 8576K, reserved 1048576K
}

